<?xml version="1.0" encoding="UTF-8"?>
<robot generator="Robot 3.2.2 (Python 3.6.2 on win32)" generated="20230528 23:13:43.212" rpa="false">
<suite id="s1" name="testDemo4" source="C:\Users\AbhayPujari\PycharmProjects\RFDemo\Test\testDemo4.robot">
<test id="s1-t1" name="Invalid username">
<kw name="Validate Unsuccesful Login">
<arguments>
<arg>Abhay</arg>
<arg>learning</arg>
</arguments>
<kw name="Open the browser with URL">
<kw name="Open Browser" library="SeleniumLibrary">
<doc>Opens a new browser instance to the optional ``url``.</doc>
<arguments>
<arg>https://www.rahulshettyacademy.com/loginpagePractise/</arg>
<arg>Chrome</arg>
</arguments>
<msg timestamp="20230528 23:13:43.711" level="INFO">Opening browser 'Chrome' to base url 'https://www.rahulshettyacademy.com/loginpagePractise/'.</msg>
<kw name="Capture Page Screenshot" library="SeleniumLibrary">
<doc>Takes a screenshot of the current page and embeds it into a log file.</doc>
<msg timestamp="20230528 23:13:49.200" level="INFO">Cannot capture screenshot because no browser is open.</msg>
<status status="PASS" starttime="20230528 23:13:49.200" endtime="20230528 23:13:49.200"></status>
</kw>
<msg timestamp="20230528 23:13:49.319" level="FAIL">SessionNotCreatedException: Message: session not created: This version of ChromeDriver only supports Chrome version 98
Current browser version is 113.0.5672.127 with binary path C:\Program Files (x86)\Google\Chrome\Application\chrome.exe
</msg>
<status status="FAIL" starttime="20230528 23:13:43.711" endtime="20230528 23:13:49.320"></status>
</kw>
<status status="FAIL" starttime="20230528 23:13:43.711" endtime="20230528 23:13:49.320"></status>
</kw>
<status status="FAIL" starttime="20230528 23:13:43.710" endtime="20230528 23:13:49.320"></status>
</kw>
<kw name="Close Browser" library="SeleniumLibrary" type="teardown">
<doc>Closes the current browser.</doc>
<status status="PASS" starttime="20230528 23:13:49.321" endtime="20230528 23:13:49.321"></status>
</kw>
<status status="FAIL" starttime="20230528 23:13:43.709" endtime="20230528 23:13:49.322" critical="yes">SessionNotCreatedException: Message: session not created: This version of ChromeDriver only supports Chrome version 98
Current browser version is 113.0.5672.127 with binary path C:\Program Files (x86)\Google\Chrome\Application\chrome.exe
</status>
</test>
<test id="s1-t2" name="Invalid password">
<kw name="Validate Unsuccesful Login">
<arguments>
<arg>rahulshettyacademy</arg>
<arg>Abhay</arg>
</arguments>
<kw name="Open the browser with URL">
<kw name="Open Browser" library="SeleniumLibrary">
<doc>Opens a new browser instance to the optional ``url``.</doc>
<arguments>
<arg>https://www.rahulshettyacademy.com/loginpagePractise/</arg>
<arg>Chrome</arg>
</arguments>
<msg timestamp="20230528 23:13:49.325" level="INFO">Opening browser 'Chrome' to base url 'https://www.rahulshettyacademy.com/loginpagePractise/'.</msg>
<kw name="Capture Page Screenshot" library="SeleniumLibrary">
<doc>Takes a screenshot of the current page and embeds it into a log file.</doc>
<msg timestamp="20230528 23:13:53.666" level="INFO">Cannot capture screenshot because no browser is open.</msg>
<status status="PASS" starttime="20230528 23:13:53.664" endtime="20230528 23:13:53.666"></status>
</kw>
<msg timestamp="20230528 23:13:53.670" level="FAIL">SessionNotCreatedException: Message: session not created: This version of ChromeDriver only supports Chrome version 98
Current browser version is 113.0.5672.127 with binary path C:\Program Files (x86)\Google\Chrome\Application\chrome.exe
</msg>
<status status="FAIL" starttime="20230528 23:13:49.325" endtime="20230528 23:13:53.671"></status>
</kw>
<status status="FAIL" starttime="20230528 23:13:49.324" endtime="20230528 23:13:53.671"></status>
</kw>
<status status="FAIL" starttime="20230528 23:13:49.324" endtime="20230528 23:13:53.672"></status>
</kw>
<kw name="Close Browser" library="SeleniumLibrary" type="teardown">
<doc>Closes the current browser.</doc>
<status status="PASS" starttime="20230528 23:13:53.674" endtime="20230528 23:13:53.674"></status>
</kw>
<status status="FAIL" starttime="20230528 23:13:49.323" endtime="20230528 23:13:53.675" critical="yes">SessionNotCreatedException: Message: session not created: This version of ChromeDriver only supports Chrome version 98
Current browser version is 113.0.5672.127 with binary path C:\Program Files (x86)\Google\Chrome\Application\chrome.exe
</status>
</test>
<test id="s1-t3" name="Special charecter">
<kw name="Validate Unsuccesful Login">
<arguments>
<arg>%&amp;#*</arg>
<arg>$&amp;&amp;*</arg>
</arguments>
<kw name="Open the browser with URL">
<kw name="Open Browser" library="SeleniumLibrary">
<doc>Opens a new browser instance to the optional ``url``.</doc>
<arguments>
<arg>https://www.rahulshettyacademy.com/loginpagePractise/</arg>
<arg>Chrome</arg>
</arguments>
<msg timestamp="20230528 23:13:53.684" level="INFO">Opening browser 'Chrome' to base url 'https://www.rahulshettyacademy.com/loginpagePractise/'.</msg>
<kw name="Capture Page Screenshot" library="SeleniumLibrary">
<doc>Takes a screenshot of the current page and embeds it into a log file.</doc>
<msg timestamp="20230528 23:13:57.847" level="INFO">Cannot capture screenshot because no browser is open.</msg>
<status status="PASS" starttime="20230528 23:13:57.846" endtime="20230528 23:13:57.847"></status>
</kw>
<msg timestamp="20230528 23:13:57.852" level="FAIL">SessionNotCreatedException: Message: session not created: This version of ChromeDriver only supports Chrome version 98
Current browser version is 113.0.5672.127 with binary path C:\Program Files (x86)\Google\Chrome\Application\chrome.exe
</msg>
<status status="FAIL" starttime="20230528 23:13:53.683" endtime="20230528 23:13:57.852"></status>
</kw>
<status status="FAIL" starttime="20230528 23:13:53.683" endtime="20230528 23:13:57.853"></status>
</kw>
<status status="FAIL" starttime="20230528 23:13:53.681" endtime="20230528 23:13:57.854"></status>
</kw>
<kw name="Close Browser" library="SeleniumLibrary" type="teardown">
<doc>Closes the current browser.</doc>
<status status="PASS" starttime="20230528 23:13:57.856" endtime="20230528 23:13:57.856"></status>
</kw>
<status status="FAIL" starttime="20230528 23:13:53.680" endtime="20230528 23:13:57.859" critical="yes">SessionNotCreatedException: Message: session not created: This version of ChromeDriver only supports Chrome version 98
Current browser version is 113.0.5672.127 with binary path C:\Program Files (x86)\Google\Chrome\Application\chrome.exe
</status>
</test>
<doc>To Validate Login form</doc>
<status status="FAIL" starttime="20230528 23:13:43.215" endtime="20230528 23:13:57.866"></status>
</suite>
<statistics>
<total>
<stat pass="0" fail="3">Critical Tests</stat>
<stat pass="0" fail="3">All Tests</stat>
</total>
<tag>
</tag>
<suite>
<stat pass="0" fail="3" id="s1" name="testDemo4">testDemo4</stat>
</suite>
</statistics>
<errors>
</errors>
</robot>
