<?xml version="1.0" encoding="UTF-8"?>
<robot generator="Robot 3.2.2 (Python 3.6.2 on win32)" generated="20220213 14:58:10.890" rpa="false">
<suite id="s1" name="testDemo6" source="C:\Users\AbhayPujari\PycharmProjects\RFDemo\Test\testDemo6.robot">
<test id="s1-t1" name="Validate Unsuccesful Login">
<kw name="Open the browser with the URL for parellel browser test" library="Generic" type="setup">
<arguments>
<arg>Chrome</arg>
</arguments>
<kw name="Create Webdriver" library="SeleniumLibrary">
<doc>Creates an instance of Selenium WebDriver.</doc>
<arguments>
<arg>${BrowserName}</arg>
<arg>executable_path=Resource/${BrowserName}</arg>
</arguments>
<msg timestamp="20220213 14:58:11.431" level="INFO">Creating an instance of the Chrome WebDriver.</msg>
<kw name="Capture Page Screenshot" library="SeleniumLibrary">
<doc>Takes a screenshot of the current page and embeds it into a log file.</doc>
<msg timestamp="20220213 14:58:15.671" level="INFO">Cannot capture screenshot because no browser is open.</msg>
<status status="PASS" starttime="20220213 14:58:15.670" endtime="20220213 14:58:15.671"></status>
</kw>
<msg timestamp="20220213 14:58:15.671" level="FAIL">WebDriverException: Message: unknown error: Chrome failed to start: was killed.
  (unknown error: DevToolsActivePort file doesn't exist)
  (The process started from chrome location C:\Users\AbhayPujari\PycharmProjects\RFDemo\Test\Resource\chrome.exe is no longer running, so ChromeDriver is assuming that Chrome has crashed.)
</msg>
<status status="FAIL" starttime="20220213 14:58:11.431" endtime="20220213 14:58:15.671"></status>
</kw>
<status status="FAIL" starttime="20220213 14:58:11.429" endtime="20220213 14:58:15.671"></status>
</kw>
<kw name="Close Browser" library="SeleniumLibrary" type="teardown">
<doc>Closes the current browser.</doc>
<status status="PASS" starttime="20220213 14:58:15.671" endtime="20220213 14:58:15.671"></status>
</kw>
<status status="FAIL" starttime="20220213 14:58:11.413" endtime="20220213 14:58:15.671" critical="yes">Setup failed:
WebDriverException: Message: unknown error: Chrome failed to start: was killed.
  (unknown error: DevToolsActivePort file doesn't exist)
  (The process started from chrome location C:\Users\AbhayPujari\PycharmProjects\RFDemo\Test\Resource\chrome.exe is no longer running, so ChromeDriver is assuming that Chrome has crashed.)
</status>
</test>
<doc>To Validate Login form</doc>
<status status="FAIL" starttime="20220213 14:58:10.907" endtime="20220213 14:58:15.712"></status>
</suite>
<statistics>
<total>
<stat pass="0" fail="1">Critical Tests</stat>
<stat pass="0" fail="1">All Tests</stat>
</total>
<tag>
</tag>
<suite>
<stat pass="0" fail="1" id="s1" name="testDemo6">testDemo6</stat>
</suite>
</statistics>
<errors>
</errors>
</robot>
